C:\USERS\QINFEI\DOCUMENTS\VISUAL STUDIO 2012\PROJECTS\CHAPTER3\LIMITS\LIMITS\DEBUG\LIMITS.PCH
C:\USERS\QINFEI\DOCUMENTS\VISUAL STUDIO 2012\PROJECTS\CHAPTER3\LIMITS\LIMITS\DEBUG\STDAFX.OBJ
C:\USERS\QINFEI\DOCUMENTS\VISUAL STUDIO 2012\PROJECTS\CHAPTER3\LIMITS\LIMITS\DEBUG\VC110.PDB
C:\USERS\QINFEI\DOCUMENTS\VISUAL STUDIO 2012\PROJECTS\CHAPTER3\LIMITS\LIMITS\DEBUG\LIMITS.OBJ
C:\USERS\QINFEI\DOCUMENTS\VISUAL STUDIO 2012\PROJECTS\CHAPTER3\LIMITS\DEBUG\LIMITS.ILK
C:\USERS\QINFEI\DOCUMENTS\VISUAL STUDIO 2012\PROJECTS\CHAPTER3\LIMITS\DEBUG\LIMITS.EXE
C:\USERS\QINFEI\DOCUMENTS\VISUAL STUDIO 2012\PROJECTS\CHAPTER3\LIMITS\DEBUG\LIMITS.PDB
C:\Users\qinfei\Documents\Visual Studio 2012\Projects\chapter3\limits\limits\Debug\limits.obj
C:\Users\qinfei\Documents\Visual Studio 2012\Projects\chapter3\limits\limits\Debug\stdafx.obj
C:\Users\qinfei\Documents\Visual Studio 2012\Projects\chapter3\limits\limits\Debug\cl.command.1.tlog
C:\Users\qinfei\Documents\Visual Studio 2012\Projects\chapter3\limits\limits\Debug\CL.read.1.tlog
C:\Users\qinfei\Documents\Visual Studio 2012\Projects\chapter3\limits\limits\Debug\CL.write.1.tlog
C:\Users\qinfei\Documents\Visual Studio 2012\Projects\chapter3\limits\limits\Debug\link-cvtres.read.1.tlog
C:\Users\qinfei\Documents\Visual Studio 2012\Projects\chapter3\limits\limits\Debug\link-cvtres.write.1.tlog
C:\Users\qinfei\Documents\Visual Studio 2012\Projects\chapter3\limits\limits\Debug\link-rc.read.1.tlog
C:\Users\qinfei\Documents\Visual Studio 2012\Projects\chapter3\limits\limits\Debug\link-rc.write.1.tlog
C:\Users\qinfei\Documents\Visual Studio 2012\Projects\chapter3\limits\limits\Debug\link.command.1.tlog
C:\Users\qinfei\Documents\Visual Studio 2012\Projects\chapter3\limits\limits\Debug\link.read.1.tlog
C:\Users\qinfei\Documents\Visual Studio 2012\Projects\chapter3\limits\limits\Debug\link.write.1.tlog
C:\Users\qinfei\Documents\Visual Studio 2012\Projects\chapter3\limits\limits\Debug\limits.pch
C:\Users\qinfei\Documents\Visual Studio 2012\Projects\chapter3\limits\limits\Debug\vc110.idb
C:\Users\qinfei\Documents\Visual Studio 2012\Projects\chapter3\limits\limits\Debug\vc110.pdb
C:\Users\qinfei\Documents\Visual Studio 2012\Projects\chapter3\limits\Debug\limits.pdb
C:\Users\qinfei\Documents\Visual Studio 2012\Projects\chapter3\limits\Debug\limits.exe
C:\Users\qinfei\Documents\Visual Studio 2012\Projects\chapter3\limits\Debug\limits.ilk
