C:\USERS\QINFEI\DOCUMENTS\VISUAL STUDIO 2012\PROJECTS\CHAPTER3\HEXOCT2\HEXOCT2\DEBUG\HEXOCT2.PCH
C:\USERS\QINFEI\DOCUMENTS\VISUAL STUDIO 2012\PROJECTS\CHAPTER3\HEXOCT2\HEXOCT2\DEBUG\STDAFX.OBJ
C:\USERS\QINFEI\DOCUMENTS\VISUAL STUDIO 2012\PROJECTS\CHAPTER3\HEXOCT2\HEXOCT2\DEBUG\VC110.PDB
C:\USERS\QINFEI\DOCUMENTS\VISUAL STUDIO 2012\PROJECTS\CHAPTER3\HEXOCT2\HEXOCT2\DEBUG\HEXOCT2.OBJ
C:\USERS\QINFEI\DOCUMENTS\VISUAL STUDIO 2012\PROJECTS\CHAPTER3\HEXOCT2\DEBUG\HEXOCT2.ILK
C:\USERS\QINFEI\DOCUMENTS\VISUAL STUDIO 2012\PROJECTS\CHAPTER3\HEXOCT2\DEBUG\HEXOCT2.EXE
C:\USERS\QINFEI\DOCUMENTS\VISUAL STUDIO 2012\PROJECTS\CHAPTER3\HEXOCT2\DEBUG\HEXOCT2.PDB
C:\Users\qinfei\Documents\Visual Studio 2012\Projects\chapter3\hexoct2\hexoct2\Debug\hexoct2.obj
C:\Users\qinfei\Documents\Visual Studio 2012\Projects\chapter3\hexoct2\hexoct2\Debug\stdafx.obj
C:\Users\qinfei\Documents\Visual Studio 2012\Projects\chapter3\hexoct2\hexoct2\Debug\cl.command.1.tlog
C:\Users\qinfei\Documents\Visual Studio 2012\Projects\chapter3\hexoct2\hexoct2\Debug\CL.read.1.tlog
C:\Users\qinfei\Documents\Visual Studio 2012\Projects\chapter3\hexoct2\hexoct2\Debug\CL.write.1.tlog
C:\Users\qinfei\Documents\Visual Studio 2012\Projects\chapter3\hexoct2\hexoct2\Debug\link-cvtres.read.1.tlog
C:\Users\qinfei\Documents\Visual Studio 2012\Projects\chapter3\hexoct2\hexoct2\Debug\link-cvtres.write.1.tlog
C:\Users\qinfei\Documents\Visual Studio 2012\Projects\chapter3\hexoct2\hexoct2\Debug\link-rc.read.1.tlog
C:\Users\qinfei\Documents\Visual Studio 2012\Projects\chapter3\hexoct2\hexoct2\Debug\link-rc.write.1.tlog
C:\Users\qinfei\Documents\Visual Studio 2012\Projects\chapter3\hexoct2\hexoct2\Debug\link.command.1.tlog
C:\Users\qinfei\Documents\Visual Studio 2012\Projects\chapter3\hexoct2\hexoct2\Debug\link.read.1.tlog
C:\Users\qinfei\Documents\Visual Studio 2012\Projects\chapter3\hexoct2\hexoct2\Debug\link.write.1.tlog
C:\Users\qinfei\Documents\Visual Studio 2012\Projects\chapter3\hexoct2\hexoct2\Debug\hexoct2.pch
C:\Users\qinfei\Documents\Visual Studio 2012\Projects\chapter3\hexoct2\hexoct2\Debug\vc110.idb
C:\Users\qinfei\Documents\Visual Studio 2012\Projects\chapter3\hexoct2\hexoct2\Debug\vc110.pdb
C:\Users\qinfei\Documents\Visual Studio 2012\Projects\chapter3\hexoct2\Debug\hexoct2.pdb
C:\Users\qinfei\Documents\Visual Studio 2012\Projects\chapter3\hexoct2\Debug\hexoct2.exe
C:\Users\qinfei\Documents\Visual Studio 2012\Projects\chapter3\hexoct2\Debug\hexoct2.ilk
